<?xml version="1.0" encoding="UTF-8"?>
<!-- Generated by org.testng.reporters.JUnitReportReporter -->
<testsuite skipped="0" hostname="LAPTOP-NP02N04O" name="org.project.State_City" tests="1" failures="0" timestamp="19 Oct 2022 07:00:21 GMT" time="1.698" errors="0">
  <testcase name="loginpage" time="1.698" classname="org.project.State_City"/>
</testsuite> <!-- org.project.State_City -->
