<?xml version="1.0" encoding="UTF-8"?>
<!-- Generated by org.testng.reporters.JUnitReportReporter -->
<testsuite skipped="0" hostname="LAPTOP-NP02N04O" name="test.testcase.State_City" tests="1" failures="0" timestamp="08 Oct 2023 14:37:00 GMT" time="8.518" errors="0">
  <testcase name="loginAsadmin" time="8.518" classname="test.testcase.State_City"/>
</testsuite> <!-- test.testcase.State_City -->
