<?xml version="1.0" encoding="UTF-8"?>
<!-- Generated by org.testng.reporters.JUnitReportReporter -->
<testsuite hostname="DESKTOP-AQ0O5BD" failures="0" tests="1" name="test.testcase.NewClass" time="2.350" errors="0" timestamp="02 Jan 2024 13:02:49 GMT" skipped="0">
  <testcase classname="test.testcase.NewClass" name="login" time="2.350"/>
</testsuite> <!-- test.testcase.NewClass -->
